<?xml version="1.0" encoding="UTF-8"?>
<!-- Generated by org.testng.reporters.JUnitXMLReporter -->
<testsuite ignored="0" hostname="W-7FM3M13" failures="0" tests="4" name="ParaTest" time="223.696" errors="0" timestamp="2020-10-28T16:38:32 IST">
  <testcase classname="com.selenium.docker.zalenium.TestChromeZalenium" name="googleSearch" time="43.629"/>
  <testcase classname="com.selenium.docker.zalenium.TestChromeZalenium" name="googleSearch2" time="40.725"/>
  <testcase classname="com.selenium.docker.zalenium.TestChromeZalenium" name="googleSearch2" time="54.08"/>
  <testcase classname="com.selenium.docker.zalenium.TestChromeZalenium" name="googleSearch2" time="55.15"/>
</testsuite> <!-- ParaTest -->
