<?xml version="1.0" encoding="UTF-8"?>
<testng-results ignored="0" total="4" passed="4" failed="0" skipped="0">
  <reporter-output>
  </reporter-output>
  <suite started-at="2020-10-28T16:34:48 IST" name="ParallelTestsCheck" finished-at="2020-10-28T16:38:32 IST" duration-ms="223696">
    <groups>
    </groups>
    <test started-at="2020-10-28T16:34:48 IST" name="ParaTest" finished-at="2020-10-28T16:38:32 IST" duration-ms="223696">
      <class name="com.selenium.docker.zalenium.TestChromeZalenium">
        <test-method is-config="true" signature="setUp()[pri:0, instance:com.selenium.docker.zalenium.TestChromeZalenium@64c63c79]" started-at="2020-10-28T16:34:48 IST" name="setUp" finished-at="2020-10-28T16:34:58 IST" duration-ms="10040" status="PASS">
          <reporter-output>
          </reporter-output>
        </test-method> <!-- setUp -->
        <test-method signature="googleSearch()[pri:0, instance:com.selenium.docker.zalenium.TestChromeZalenium@64c63c79]" started-at="2020-10-28T16:34:58 IST" name="googleSearch" finished-at="2020-10-28T16:35:42 IST" duration-ms="43629" status="PASS">
          <reporter-output>
          </reporter-output>
        </test-method> <!-- googleSearch -->
        <test-method signature="googleSearch2(java.lang.String)[pri:0, instance:com.selenium.docker.zalenium.TestChromeZalenium@64c63c79]" started-at="2020-10-28T16:35:42 IST" name="googleSearch2" data-provider="data-provider" finished-at="2020-10-28T16:36:22 IST" duration-ms="40725" status="PASS">
          <params>
            <param index="0">
              <value>
                <![CDATA[https://www.linkedin.com/]]>
              </value>
            </param>
          </params>
          <reporter-output>
          </reporter-output>
        </test-method> <!-- googleSearch2 -->
        <test-method signature="googleSearch2(java.lang.String)[pri:0, instance:com.selenium.docker.zalenium.TestChromeZalenium@64c63c79]" started-at="2020-10-28T16:36:22 IST" name="googleSearch2" data-provider="data-provider" finished-at="2020-10-28T16:37:16 IST" duration-ms="54080" status="PASS">
          <params>
            <param index="0">
              <value>
                <![CDATA[https://www.twitter.com/]]>
              </value>
            </param>
          </params>
          <reporter-output>
          </reporter-output>
        </test-method> <!-- googleSearch2 -->
        <test-method signature="googleSearch2(java.lang.String)[pri:0, instance:com.selenium.docker.zalenium.TestChromeZalenium@64c63c79]" started-at="2020-10-28T16:37:16 IST" name="googleSearch2" data-provider="data-provider" finished-at="2020-10-28T16:38:12 IST" duration-ms="55150" status="PASS">
          <params>
            <param index="0">
              <value>
                <![CDATA[https://www.instagram.com/]]>
              </value>
            </param>
          </params>
          <reporter-output>
          </reporter-output>
        </test-method> <!-- googleSearch2 -->
        <test-method is-config="true" signature="tearDown()[pri:0, instance:com.selenium.docker.zalenium.TestChromeZalenium@64c63c79]" started-at="2020-10-28T16:38:12 IST" name="tearDown" finished-at="2020-10-28T16:38:32 IST" duration-ms="20039" status="PASS">
          <reporter-output>
          </reporter-output>
        </test-method> <!-- tearDown -->
      </class> <!-- com.selenium.docker.zalenium.TestChromeZalenium -->
    </test> <!-- ParaTest -->
  </suite> <!-- ParallelTestsCheck -->
</testng-results>
