<?xml version="1.0" encoding="UTF-8"?>
<testng-results skipped="0" failed="0" ignored="0" total="2" passed="2">
  <reporter-output>
  </reporter-output>
  <suite name="Default suite" duration-ms="97791" started-at="2020-10-22T21:40:09 IST" finished-at="2020-10-22T21:41:47 IST">
    <groups>
    </groups>
    <test name="Default test" duration-ms="97791" started-at="2020-10-22T21:40:09 IST" finished-at="2020-10-22T21:41:47 IST">
      <class name="com.selenium.docker.zalenium.TestChromeZalenium">
        <test-method status="PASS" signature="setUp()[pri:0, instance:com.selenium.docker.zalenium.TestChromeZalenium@5a4041cc]" name="setUp" is-config="true" duration-ms="20023" started-at="2020-10-22T21:40:09 IST" finished-at="2020-10-22T21:40:29 IST">
          <reporter-output>
          </reporter-output>
        </test-method> <!-- setUp -->
        <test-method status="PASS" signature="googleSearch()[pri:0, instance:com.selenium.docker.zalenium.TestChromeZalenium@5a4041cc]" name="googleSearch" duration-ms="30641" started-at="2020-10-22T21:40:29 IST" finished-at="2020-10-22T21:41:00 IST">
          <reporter-output>
          </reporter-output>
        </test-method> <!-- googleSearch -->
        <test-method status="PASS" signature="googleSearch2()[pri:0, instance:com.selenium.docker.zalenium.TestChromeZalenium@5a4041cc]" name="googleSearch2" duration-ms="27036" started-at="2020-10-22T21:41:00 IST" finished-at="2020-10-22T21:41:27 IST">
          <reporter-output>
          </reporter-output>
        </test-method> <!-- googleSearch2 -->
        <test-method status="PASS" signature="tearDown()[pri:0, instance:com.selenium.docker.zalenium.TestChromeZalenium@5a4041cc]" name="tearDown" is-config="true" duration-ms="20046" started-at="2020-10-22T21:41:27 IST" finished-at="2020-10-22T21:41:47 IST">
          <reporter-output>
          </reporter-output>
        </test-method> <!-- tearDown -->
      </class> <!-- com.selenium.docker.zalenium.TestChromeZalenium -->
    </test> <!-- Default test -->
  </suite> <!-- Default suite -->
</testng-results>
