<?xml version="1.0" encoding="UTF-8"?>
<!-- Generated by org.testng.reporters.JUnitXMLReporter -->
<testsuite hostname="W-7FM3M13" ignored="0" name="Default test" tests="2" failures="0" timestamp="2020-10-22T21:41:47 IST" time="97.791" errors="0">
  <testcase name="googleSearch" time="30.641" classname="com.selenium.docker.zalenium.TestChromeZalenium"/>
  <testcase name="googleSearch2" time="27.036" classname="com.selenium.docker.zalenium.TestChromeZalenium"/>
</testsuite> <!-- Default test -->
