<?xml version="1.0" encoding="UTF-8"?>
<!-- Generated by org.testng.reporters.JUnitXMLReporter -->
<testsuite hostname="INLN56581100A" ignored="0" name="Default test" tests="3" failures="0" timestamp="10 Jun 2020 12:53:28 GMT" time="124.702" errors="0">
  <testcase name="executSessionOne" time="18.825" classname="testNG.ParallelTestCheck"/>
  <testcase name="executSessionThree" time="22.422" classname="testNG.ParallelTestCheck"/>
  <testcase name="executeSessionTwo" time="83.407" classname="testNG.ParallelTestCheck"/>
</testsuite> <!-- Default test -->
