<?xml version="1.0" encoding="UTF-8"?>
<!-- Generated by org.testng.reporters.JUnitXMLReporter -->
<testsuite hostname="W-7FM3M13" ignored="0" name="Default test" tests="4" failures="0" timestamp="2020-10-22T21:54:09 IST" time="219.118" errors="0">
  <testcase name="googleSearch" time="29.976" classname="com.selenium.docker.TestChrome2"/>
  <testcase name="googleSearch2" time="27.323" classname="com.selenium.docker.TestChrome2"/>
  <testcase name="googleSearch3" time="47.099" classname="com.selenium.docker.TestChrome2"/>
  <testcase name="googleSearch4" time="84.588" classname="com.selenium.docker.TestChrome2"/>
</testsuite> <!-- Default test -->
